<?xml version="1.0" encoding="UTF-8"?>
<!-- Generated by org.testng.reporters.JUnitXMLReporter -->
<testsuite ignored="4" hostname="DESKTOP-1PRLMKU" failures="0" tests="2" name="Test" time="0.149" errors="0" timestamp="2022-06-27T11:06:29 IST">
  <testcase classname="TestNGKeyWords.TestClass2" name="q" time="0.024"/>
  <testcase classname="TestNGKeyWords.TestClass1" name="y" time="0.002"/>
  <testcase classname="TestNGKeyWords.TestClass1" name="x" time="0.0">
    <ignored/>
  </testcase> <!-- x -->
  <testcase classname="TestNGKeyWords.TestClass1" name="z" time="0.0">
    <ignored/>
  </testcase> <!-- z -->
  <testcase classname="TestNGKeyWords.TestClass2" name="r" time="0.0">
    <ignored/>
  </testcase> <!-- r -->
  <testcase classname="TestNGKeyWords.TestClass2" name="p" time="0.0">
    <ignored/>
  </testcase> <!-- p -->
</testsuite> <!-- Test -->
