<?xml version="1.0" encoding="UTF-8"?>
<testng-results ignored="0" total="1" passed="1" failed="0" skipped="0">
  <reporter-output>
    <line>
      <![CDATA[Launching Browser]]>
    </line>
  </reporter-output>
  <suite started-at="2022-07-08T12:21:48 IST" name="Default suite" finished-at="2022-07-08T12:22:02 IST" duration-ms="14691">
    <groups>
    </groups>
    <test started-at="2022-07-08T12:21:48 IST" name="Default test" finished-at="2022-07-08T12:22:02 IST" duration-ms="14691">
      <class name="kiteTest.ValidateUserIdUsingProperty">
        <test-method is-config="true" signature="launchBrowser()[pri:0, instance:kiteTest.ValidateUserIdUsingProperty@1b7cc17c]" started-at="2022-07-08T12:21:48 IST" name="launchBrowser" finished-at="2022-07-08T12:21:58 IST" duration-ms="9893" status="PASS">
          <reporter-output>
            <line>
              <![CDATA[Launching Browser]]>
            </line>
          </reporter-output>
        </test-method> <!-- launchBrowser -->
        <test-method is-config="true" signature="logIntokiteApp()[pri:0, instance:kiteTest.ValidateUserIdUsingProperty@1b7cc17c]" started-at="2022-07-08T12:21:58 IST" name="logIntokiteApp" finished-at="2022-07-08T12:21:58 IST" duration-ms="511" status="PASS">
          <reporter-output>
          </reporter-output>
        </test-method> <!-- logIntokiteApp -->
        <test-method signature="validateUserID()[pri:0, instance:kiteTest.ValidateUserIdUsingProperty@1b7cc17c]" started-at="2022-07-08T12:21:58 IST" name="validateUserID" finished-at="2022-07-08T12:22:00 IST" duration-ms="2104" status="PASS">
          <reporter-output>
          </reporter-output>
        </test-method> <!-- validateUserID -->
        <test-method is-config="true" signature="logoutFromKite()[pri:0, instance:kiteTest.ValidateUserIdUsingProperty@1b7cc17c]" started-at="2022-07-08T12:22:00 IST" name="logoutFromKite" finished-at="2022-07-08T12:22:02 IST" duration-ms="2015" status="PASS">
          <reporter-output>
          </reporter-output>
        </test-method> <!-- logoutFromKite -->
        <test-method is-config="true" signature="closeBrowser()[pri:0, instance:kiteTest.ValidateUserIdUsingProperty@1b7cc17c]" started-at="2022-07-08T12:22:02 IST" name="closeBrowser" finished-at="2022-07-08T12:22:02 IST" duration-ms="131" status="PASS">
          <reporter-output>
          </reporter-output>
        </test-method> <!-- closeBrowser -->
      </class> <!-- kiteTest.ValidateUserIdUsingProperty -->
    </test> <!-- Default test -->
  </suite> <!-- Default suite -->
</testng-results>
